2024-09-26 21:32:28,744 - INFO - Aileron initialized with root_chord_length_in=6, tip_chord_length_in=4, span_in=31, lift_coefficient=1.2, rho_slug_ft3=0.002377, velocity_ft_s=38, deflection_angle=20
2024-09-26 21:32:28,744 - INFO - Drawing wing with aileron with wing_root_chord_in=36, wing_tip_chord_in=12, wing_span_in=172
2024-09-26 21:32:29,746 - INFO - Calculated average_chord_length_in=5.0
2024-09-26 21:32:29,746 - INFO - Calculated lift_force_lb=2.216750583333334 with q=1.7161940000000002, average_chord_length_in=5.0, lift_per_unit_span=0.8580970000000001
2024-09-26 21:32:29,746 - INFO - Calculated average_chord_length_in=5.0
2024-09-26 21:32:29,746 - INFO - Calculated moment_arm_in=-17.93 with center_of_pressure_in=1.25
2024-09-26 21:32:29,746 - INFO - Calculated torque_in_lb=-39.746337959166674 with lift_force_lb=2.216750583333334, moment_arm_in=-17.93
2024-09-26 22:09:03,678 - INFO - Aileron initialized with root_chord_length_in=6, tip_chord_length_in=4, span_in=31, lift_coefficient=1.2, rho_slug_ft3=0.002377, velocity_ft_s=38, deflection_angle=20
2024-09-26 22:09:03,678 - INFO - Drawing wing with aileron with wing_root_chord_in=36, wing_tip_chord_in=12, wing_span_in=172
2024-09-26 22:09:06,139 - INFO - Calculated average_chord_length_in=5.0
2024-09-26 22:09:06,139 - INFO - Calculated lift_force_lb=2.438425641666667 with q=1.7161940000000002, average_chord_length_in=5.0, lift_per_unit_span=0.9439067000000001, adjusted_lift_coefficient=1.32
2024-09-26 22:09:06,139 - INFO - Calculated average_chord_length_in=5.0
2024-09-26 22:09:06,139 - INFO - Calculated moment_arm_in=-17.93 with center_of_pressure_in=1.25
2024-09-26 22:09:06,139 - INFO - Calculated torque_in_lb=-43.72097175508334 with lift_force_lb=2.438425641666667, moment_arm_in=-17.93
2024-10-07 22:21:24,648 - INFO - Aileron initialized with root_chord_length_in=6, tip_chord_length_in=4, span_in=31, lift_coefficient=1.2, rho_slug_ft3=0.002377, velocity_ft_s=38, deflection_angle=20
2024-10-07 22:21:24,648 - INFO - Drawing wing with aileron with wing_root_chord_in=36, wing_tip_chord_in=12, wing_span_in=172
2024-10-07 22:21:41,427 - INFO - Calculated average_chord_length_in=5.0
2024-10-07 22:21:41,427 - INFO - Calculated lift_force_lb=2.438425641666667 with q=1.7161940000000002, average_chord_length_in=5.0, lift_per_unit_span=0.9439067000000001, adjusted_lift_coefficient=1.32
2024-10-07 22:21:41,427 - INFO - Calculated average_chord_length_in=5.0
2024-10-07 22:21:41,427 - INFO - Calculated moment_arm_in=-17.93 with center_of_pressure_in=1.25
2024-10-07 22:21:41,427 - INFO - Calculated torque_in_lb=-43.72097175508334 with lift_force_lb=2.438425641666667, moment_arm_in=-17.93
2024-10-08 19:51:58,531 - INFO - Aileron initialized with root_chord_length_in=6, tip_chord_length_in=4, span_in=31, lift_coefficient=1.2, rho_slug_ft3=0.002377, velocity_ft_s=38, deflection_angle=20
2024-10-08 19:51:58,531 - INFO - Drawing wing with aileron with wing_root_chord_in=36, wing_tip_chord_in=12, wing_span_in=172
2024-10-08 19:52:15,568 - INFO - Calculated average_chord_length_in=5.0
2024-10-08 19:52:15,568 - INFO - Calculated lift_force_lb=2.438425641666667 with q=1.7161940000000002, average_chord_length_in=5.0, lift_per_unit_span=0.9439067000000001, adjusted_lift_coefficient=1.32
2024-10-08 19:52:15,568 - INFO - Calculated average_chord_length_in=5.0
2024-10-08 19:52:15,569 - INFO - Calculated moment_arm_in=-17.93 with center_of_pressure_in=1.25
2024-10-08 19:52:15,569 - INFO - Calculated torque_in_lb=-43.72097175508334 with lift_force_lb=2.438425641666667, moment_arm_in=-17.93
2024-10-08 19:54:04,811 - INFO - Aileron initialized with root_chord_length_in=6, tip_chord_length_in=4, span_in=31, lift_coefficient=1.2, rho_slug_ft3=0.002377, velocity_ft_s=38, deflection_angle=20
2024-10-08 19:54:04,811 - INFO - Drawing wing with aileron with wing_root_chord_in=36, wing_tip_chord_in=12, wing_span_in=172
2024-10-08 19:54:06,805 - INFO - Calculated average_chord_length_in=5.0
2024-10-08 19:54:06,805 - INFO - Calculated lift_force_lb=2.438425641666667 with q=1.7161940000000002, average_chord_length_in=5.0, lift_per_unit_span=0.9439067000000001, adjusted_lift_coefficient=1.32
2024-10-08 19:54:06,805 - INFO - Calculated average_chord_length_in=5.0
2024-10-08 19:54:06,805 - INFO - Calculated moment_arm_in=-17.93 with center_of_pressure_in=1.25
2024-10-08 19:54:06,805 - INFO - Calculated torque_in_lb=-43.72097175508334 with lift_force_lb=2.438425641666667, moment_arm_in=-17.93
2024-10-08 20:00:40,499 - INFO - Aileron initialized with root_chord_length_in=6, tip_chord_length_in=4, span_in=31, lift_coefficient=1.2, rho_slug_ft3=0.002377, velocity_ft_s=38, deflection_angle=20
2024-10-08 20:00:40,499 - INFO - Drawing wing with aileron with wing_root_chord_in=36, wing_tip_chord_in=12, wing_span_in=172
2024-10-08 20:01:02,248 - INFO - Calculated average_chord_length_in=5.0
2024-10-08 20:01:02,248 - INFO - Calculated lift_force_lb=2.438425641666667 with q=1.7161940000000002, average_chord_length_in=5.0, lift_per_unit_span=0.9439067000000001, adjusted_lift_coefficient=1.32
2024-10-08 20:01:02,248 - INFO - Calculated average_chord_length_in=5.0
2024-10-08 20:01:02,248 - INFO - Calculated moment_arm_in=-17.93 with center_of_pressure_in=1.25
2024-10-08 20:01:02,248 - INFO - Calculated torque_in_lb=-43.72097175508334 with lift_force_lb=2.438425641666667, moment_arm_in=-17.93
2024-10-08 20:01:27,682 - INFO - Aileron initialized with root_chord_length_in=6, tip_chord_length_in=4, span_in=31, lift_coefficient=1.2, rho_slug_ft3=0.002377, velocity_ft_s=38, deflection_angle=20
2024-10-08 20:01:27,682 - INFO - Drawing wing with aileron with wing_root_chord_in=36, wing_tip_chord_in=12, wing_span_in=172
2024-10-08 20:01:39,618 - INFO - Calculated average_chord_length_in=5.0
2024-10-08 20:01:39,618 - INFO - Calculated lift_force_lb=2.438425641666667 with q=1.7161940000000002, average_chord_length_in=5.0, lift_per_unit_span=0.9439067000000001, adjusted_lift_coefficient=1.32
2024-10-08 20:01:39,618 - INFO - Calculated average_chord_length_in=5.0
2024-10-08 20:01:39,618 - INFO - Calculated moment_arm_in=-17.93 with center_of_pressure_in=1.25
2024-10-08 20:01:39,618 - INFO - Calculated torque_in_lb=-43.72097175508334 with lift_force_lb=2.438425641666667, moment_arm_in=-17.93
2024-10-08 20:03:42,387 - INFO - Aileron initialized with root_chord_length_in=6, tip_chord_length_in=4, span_in=31, lift_coefficient=1.2, rho_slug_ft3=0.002377, velocity_ft_s=38, deflection_angle=20
2024-10-08 20:03:42,387 - INFO - Drawing wing with aileron with wing_root_chord_in=36, wing_tip_chord_in=12, wing_span_in=172
2024-10-08 20:04:42,455 - INFO - Calculated average_chord_length_in=5.0
2024-10-08 20:04:42,455 - INFO - Calculated lift_force_lb=2.438425641666667 with q=1.7161940000000002, average_chord_length_in=5.0, lift_per_unit_span=0.9439067000000001, adjusted_lift_coefficient=1.32
2024-10-08 20:04:42,455 - INFO - Calculated average_chord_length_in=5.0
2024-10-08 20:04:42,455 - INFO - Calculated moment_arm_in=-17.93 with center_of_pressure_in=1.25
2024-10-08 20:04:42,455 - INFO - Calculated torque_in_lb=-43.72097175508334 with lift_force_lb=2.438425641666667, moment_arm_in=-17.93
2024-10-08 20:04:51,447 - INFO - Aileron initialized with root_chord_length_in=6, tip_chord_length_in=4, span_in=31, lift_coefficient=1.2, rho_slug_ft3=0.002377, velocity_ft_s=38, deflection_angle=20
2024-10-08 20:04:51,448 - INFO - Drawing wing with aileron with wing_root_chord_in=36, wing_tip_chord_in=12, wing_span_in=172
2024-10-08 20:05:22,345 - INFO - Calculated average_chord_length_in=5.0
2024-10-08 20:05:22,345 - INFO - Calculated lift_force_lb=2.438425641666667 with q=1.7161940000000002, average_chord_length_in=5.0, lift_per_unit_span=0.9439067000000001, adjusted_lift_coefficient=1.32
2024-10-08 20:05:22,345 - INFO - Calculated average_chord_length_in=5.0
2024-10-08 20:05:22,345 - INFO - Calculated moment_arm_in=-17.93 with center_of_pressure_in=1.25
2024-10-08 20:05:22,345 - INFO - Calculated torque_in_lb=-43.72097175508334 with lift_force_lb=2.438425641666667, moment_arm_in=-17.93
