2024-09-12 15:29:45,594 - INFO - Parameters: span=180 in, lift_coefficient=1.165, rho=0.0023769, velocity=32.0 ft/s, root_chord=36 in, tip_chord=12 in
2024-09-12 15:29:47,449 - INFO - Plotted the lift distribution
2024-09-12 15:29:48,251 - INFO - Plotted the load distribution
2024-09-12 15:29:49,004 - INFO - Plotted the shear force distribution
2024-09-12 15:29:50,334 - INFO - Plotted the bending moment distribution
2024-09-12 15:29:50,334 - INFO - Lift per unit span at 3.00 in: 0.71 lb/in, Chord length: 35.20 in, Load: 4.23 lb, Shear force: 36.43 lb, Bending moment: 1279.53 lb-in
2024-09-12 15:29:50,334 - INFO - Lift per unit span at 9.00 in: 0.67 lb/in, Chord length: 33.60 in, Load: 4.02 lb, Shear force: 32.19 lb, Bending moment: 1060.97 lb-in
2024-09-12 15:29:50,334 - INFO - Lift per unit span at 15.00 in: 0.63 lb/in, Chord length: 32.00 in, Load: 3.80 lb, Shear force: 28.17 lb, Bending moment: 867.81 lb-in
2024-09-12 15:29:50,334 - INFO - Lift per unit span at 21.00 in: 0.59 lb/in, Chord length: 30.40 in, Load: 3.56 lb, Shear force: 24.37 lb, Bending moment: 698.80 lb-in
2024-09-12 15:29:50,334 - INFO - Lift per unit span at 27.00 in: 0.55 lb/in, Chord length: 28.80 in, Load: 3.31 lb, Shear force: 20.81 lb, Bending moment: 552.56 lb-in
2024-09-12 15:29:50,334 - INFO - Lift per unit span at 33.00 in: 0.51 lb/in, Chord length: 27.20 in, Load: 3.05 lb, Shear force: 17.51 lb, Bending moment: 427.68 lb-in
2024-09-12 15:29:50,334 - INFO - Lift per unit span at 39.00 in: 0.46 lb/in, Chord length: 25.60 in, Load: 2.78 lb, Shear force: 14.46 lb, Bending moment: 322.62 lb-in
2024-09-12 15:29:50,334 - INFO - Lift per unit span at 45.00 in: 0.42 lb/in, Chord length: 24.00 in, Load: 2.50 lb, Shear force: 11.69 lb, Bending moment: 235.85 lb-in
2024-09-12 15:29:50,334 - INFO - Lift per unit span at 51.00 in: 0.37 lb/in, Chord length: 22.40 in, Load: 2.22 lb, Shear force: 9.19 lb, Bending moment: 165.73 lb-in
2024-09-12 15:29:50,334 - INFO - Lift per unit span at 57.00 in: 0.32 lb/in, Chord length: 20.80 in, Load: 1.94 lb, Shear force: 6.96 lb, Bending moment: 110.62 lb-in
2024-09-12 15:29:50,334 - INFO - Lift per unit span at 63.00 in: 0.28 lb/in, Chord length: 19.20 in, Load: 1.65 lb, Shear force: 5.03 lb, Bending moment: 68.83 lb-in
2024-09-12 15:29:50,334 - INFO - Lift per unit span at 69.00 in: 0.23 lb/in, Chord length: 17.60 in, Load: 1.36 lb, Shear force: 3.38 lb, Bending moment: 38.67 lb-in
2024-09-12 15:29:50,334 - INFO - Lift per unit span at 75.00 in: 0.18 lb/in, Chord length: 16.00 in, Load: 1.06 lb, Shear force: 2.02 lb, Bending moment: 18.41 lb-in
2024-09-12 15:29:50,334 - INFO - Lift per unit span at 81.00 in: 0.13 lb/in, Chord length: 14.40 in, Load: 0.76 lb, Shear force: 0.95 lb, Bending moment: 6.31 lb-in
2024-09-12 15:29:50,334 - INFO - Lift per unit span at 87.00 in: 0.07 lb/in, Chord length: 12.80 in, Load: 0.20 lb, Shear force: 0.20 lb, Bending moment: 0.59 lb-in
2024-09-12 15:29:50,334 - INFO - Lift per unit span at 90.00 in: 0.00 lb/in, Chord length: 12.00 in, Load: 0.00 lb, Shear force: 0.00 lb, Bending moment: 0.00 lb-in
2024-09-12 15:30:59,193 - INFO - Parameters: span=180 in, lift_coefficient=1.165, rho=0.0023769, velocity=32.0 ft/s, root_chord=36 in, tip_chord=12 in
2024-09-12 15:31:00,639 - INFO - Plotted and saved the lift distribution
2024-09-12 15:31:01,446 - INFO - Plotted and saved the load distribution
2024-09-12 15:31:01,978 - INFO - Plotted and saved the shear force distribution
2024-09-12 15:31:02,695 - INFO - Plotted and saved the bending moment distribution
2024-09-12 15:31:02,695 - INFO - Lift per unit span at 3.00 in: 0.71 lb/in, Chord length: 35.20 in, Load: 4.23 lb, Shear force: 36.43 lb, Bending moment: 1279.53 lb-in
2024-09-12 15:31:02,695 - INFO - Lift per unit span at 9.00 in: 0.67 lb/in, Chord length: 33.60 in, Load: 4.02 lb, Shear force: 32.19 lb, Bending moment: 1060.97 lb-in
2024-09-12 15:31:02,695 - INFO - Lift per unit span at 15.00 in: 0.63 lb/in, Chord length: 32.00 in, Load: 3.80 lb, Shear force: 28.17 lb, Bending moment: 867.81 lb-in
2024-09-12 15:31:02,695 - INFO - Lift per unit span at 21.00 in: 0.59 lb/in, Chord length: 30.40 in, Load: 3.56 lb, Shear force: 24.37 lb, Bending moment: 698.80 lb-in
2024-09-12 15:31:02,695 - INFO - Lift per unit span at 27.00 in: 0.55 lb/in, Chord length: 28.80 in, Load: 3.31 lb, Shear force: 20.81 lb, Bending moment: 552.56 lb-in
2024-09-12 15:31:02,695 - INFO - Lift per unit span at 33.00 in: 0.51 lb/in, Chord length: 27.20 in, Load: 3.05 lb, Shear force: 17.51 lb, Bending moment: 427.68 lb-in
2024-09-12 15:31:02,695 - INFO - Lift per unit span at 39.00 in: 0.46 lb/in, Chord length: 25.60 in, Load: 2.78 lb, Shear force: 14.46 lb, Bending moment: 322.62 lb-in
2024-09-12 15:31:02,695 - INFO - Lift per unit span at 45.00 in: 0.42 lb/in, Chord length: 24.00 in, Load: 2.50 lb, Shear force: 11.69 lb, Bending moment: 235.85 lb-in
2024-09-12 15:31:02,695 - INFO - Lift per unit span at 51.00 in: 0.37 lb/in, Chord length: 22.40 in, Load: 2.22 lb, Shear force: 9.19 lb, Bending moment: 165.73 lb-in
2024-09-12 15:31:02,695 - INFO - Lift per unit span at 57.00 in: 0.32 lb/in, Chord length: 20.80 in, Load: 1.94 lb, Shear force: 6.96 lb, Bending moment: 110.62 lb-in
2024-09-12 15:31:02,695 - INFO - Lift per unit span at 63.00 in: 0.28 lb/in, Chord length: 19.20 in, Load: 1.65 lb, Shear force: 5.03 lb, Bending moment: 68.83 lb-in
2024-09-12 15:31:02,695 - INFO - Lift per unit span at 69.00 in: 0.23 lb/in, Chord length: 17.60 in, Load: 1.36 lb, Shear force: 3.38 lb, Bending moment: 38.67 lb-in
2024-09-12 15:31:02,695 - INFO - Lift per unit span at 75.00 in: 0.18 lb/in, Chord length: 16.00 in, Load: 1.06 lb, Shear force: 2.02 lb, Bending moment: 18.41 lb-in
2024-09-12 15:31:02,695 - INFO - Lift per unit span at 81.00 in: 0.13 lb/in, Chord length: 14.40 in, Load: 0.76 lb, Shear force: 0.95 lb, Bending moment: 6.31 lb-in
2024-09-12 15:31:02,695 - INFO - Lift per unit span at 87.00 in: 0.07 lb/in, Chord length: 12.80 in, Load: 0.20 lb, Shear force: 0.20 lb, Bending moment: 0.59 lb-in
2024-09-12 15:31:02,695 - INFO - Lift per unit span at 90.00 in: 0.00 lb/in, Chord length: 12.00 in, Load: 0.00 lb, Shear force: 0.00 lb, Bending moment: 0.00 lb-in
2024-09-12 15:33:00,949 - INFO - Parameters: span=180 in, lift_coefficient=1.165, rho=0.0023769, velocity=32.0 ft/s, root_chord=36 in, tip_chord=12 in
2024-09-12 15:33:02,176 - INFO - Plotted and saved the lift distribution
2024-09-12 15:33:02,647 - INFO - Plotted and saved the load distribution
2024-09-12 15:33:03,011 - INFO - Plotted and saved the shear force distribution
2024-09-12 15:33:03,384 - INFO - Plotted and saved the bending moment distribution
2024-09-12 15:33:03,384 - INFO - Lift per unit span at 3.00 in: 0.71 lb/in, Chord length: 35.20 in, Load: 4.23 lb, Shear force: 36.43 lb, Bending moment: 1279.53 lb-in
2024-09-12 15:33:03,385 - INFO - Lift per unit span at 9.00 in: 0.67 lb/in, Chord length: 33.60 in, Load: 4.02 lb, Shear force: 32.19 lb, Bending moment: 1060.97 lb-in
2024-09-12 15:33:03,385 - INFO - Lift per unit span at 15.00 in: 0.63 lb/in, Chord length: 32.00 in, Load: 3.80 lb, Shear force: 28.17 lb, Bending moment: 867.81 lb-in
2024-09-12 15:33:03,385 - INFO - Lift per unit span at 21.00 in: 0.59 lb/in, Chord length: 30.40 in, Load: 3.56 lb, Shear force: 24.37 lb, Bending moment: 698.80 lb-in
2024-09-12 15:33:03,385 - INFO - Lift per unit span at 27.00 in: 0.55 lb/in, Chord length: 28.80 in, Load: 3.31 lb, Shear force: 20.81 lb, Bending moment: 552.56 lb-in
2024-09-12 15:33:03,385 - INFO - Lift per unit span at 33.00 in: 0.51 lb/in, Chord length: 27.20 in, Load: 3.05 lb, Shear force: 17.51 lb, Bending moment: 427.68 lb-in
2024-09-12 15:33:03,385 - INFO - Lift per unit span at 39.00 in: 0.46 lb/in, Chord length: 25.60 in, Load: 2.78 lb, Shear force: 14.46 lb, Bending moment: 322.62 lb-in
2024-09-12 15:33:03,385 - INFO - Lift per unit span at 45.00 in: 0.42 lb/in, Chord length: 24.00 in, Load: 2.50 lb, Shear force: 11.69 lb, Bending moment: 235.85 lb-in
2024-09-12 15:33:03,385 - INFO - Lift per unit span at 51.00 in: 0.37 lb/in, Chord length: 22.40 in, Load: 2.22 lb, Shear force: 9.19 lb, Bending moment: 165.73 lb-in
2024-09-12 15:33:03,385 - INFO - Lift per unit span at 57.00 in: 0.32 lb/in, Chord length: 20.80 in, Load: 1.94 lb, Shear force: 6.96 lb, Bending moment: 110.62 lb-in
2024-09-12 15:33:03,385 - INFO - Lift per unit span at 63.00 in: 0.28 lb/in, Chord length: 19.20 in, Load: 1.65 lb, Shear force: 5.03 lb, Bending moment: 68.83 lb-in
2024-09-12 15:33:03,385 - INFO - Lift per unit span at 69.00 in: 0.23 lb/in, Chord length: 17.60 in, Load: 1.36 lb, Shear force: 3.38 lb, Bending moment: 38.67 lb-in
2024-09-12 15:33:03,385 - INFO - Lift per unit span at 75.00 in: 0.18 lb/in, Chord length: 16.00 in, Load: 1.06 lb, Shear force: 2.02 lb, Bending moment: 18.41 lb-in
2024-09-12 15:33:03,385 - INFO - Lift per unit span at 81.00 in: 0.13 lb/in, Chord length: 14.40 in, Load: 0.76 lb, Shear force: 0.95 lb, Bending moment: 6.31 lb-in
2024-09-12 15:33:03,385 - INFO - Lift per unit span at 87.00 in: 0.07 lb/in, Chord length: 12.80 in, Load: 0.20 lb, Shear force: 0.20 lb, Bending moment: 0.59 lb-in
2024-09-12 15:33:03,385 - INFO - Lift per unit span at 90.00 in: 0.00 lb/in, Chord length: 12.00 in, Load: 0.00 lb, Shear force: 0.00 lb, Bending moment: 0.00 lb-in
